FILE_TYPE=LIBRARY_PARTS;
PRIMITIVE 'CMSH3_40MA_TR13_PBFREE','CMSH3_40MA_TR13_PBFREE_Diodes Moulded';
  PIN
    'K':
      PIN_NUMBER='(1)';
      NO_LOAD_CHECK=BOTH;
      NO_IO_CHECK=BOTH;
      ALLOW_CONNECT=TRUE;
      PINUSE='UNSPEC';
    'A':
      PIN_NUMBER='(2)';
      NO_LOAD_CHECK=BOTH;
      NO_IO_CHECK=BOTH;
      ALLOW_CONNECT=TRUE;
      PINUSE='UNSPEC';
  END_PIN;
  BODY
    PART_NAME='CMSH3_40MA_TR13_PBFREE';
    PHYS_DES_PREFIX='D';
    NO_LOAD_CHECK='TRUE';
    PIN_COUNT='2';
    BODY_NAME='CMSH3_40MA_TR13_PBFREE';
    JEDEC_TYPE='DIOM5226X262N';
  END_BODY;
END_PRIMITIVE;
END.
